[INFO ] 2019-02-11 10:59:58.325 - Llamada #oI9p4dw26W asignada al OPERADOR con id #9TAytxcTij
[INFO ] 2019-02-11 10:59:58.328 - Llamada #32eHfU20IK asignada al OPERADOR con id #bNBuAVfX5x
[INFO ] 2019-02-11 10:59:58.329 - Llamada #e76SLroFZt asignada al OPERADOR con id #ud0fmLLuV7
[INFO ] 2019-02-11 10:59:58.330 - Llamada #3rbA64oCaQ asignada al OPERADOR con id #8sOfrhTYuY
[INFO ] 2019-02-11 10:59:58.333 - Llamada #wwdNvkQLmi asignada al SUPERVISOR con id #TzCrGlxSce
[INFO ] 2019-02-11 10:59:58.334 - Llamada #xptHAb7k1C asignada al SUPERVISOR con id #ScYhWOfrzA
[INFO ] 2019-02-11 10:59:58.336 - Llamada #xPZswrnc2h asignada al SUPERVISOR con id #Kls5tcKuv6
[INFO ] 2019-02-11 10:59:58.342 - Llamada #0fNYgDZyBv asignada al SUPERVISOR con id #YumLHR6fHb
[INFO ] 2019-02-11 10:59:58.346 - Llamada #TcISau8iLz asignada al DIRECTOR con id #1nl07pyXF9
[INFO ] 2019-02-11 10:59:58.349 - Llamada #QR3cp07E0z asignada al DIRECTOR con id #ntfx8DzJun
[INFO ] 2019-02-11 10:59:59.375 - Reintentando asignación de llamada #4R39Soxfmm a empleado no ocupado...
[INFO ] 2019-02-11 11:00:00.380 - Reintentando asignación de llamada #4R39Soxfmm a empleado no ocupado...
[INFO ] 2019-02-11 11:00:01.381 - Reintentando asignación de llamada #4R39Soxfmm a empleado no ocupado...
[INFO ] 2019-02-11 11:00:02.382 - Reintentando asignación de llamada #4R39Soxfmm a empleado no ocupado...
[INFO ] 2019-02-11 11:00:02.382 - No se pudo asignar la llamada #4R39Soxfmm a un empleado. Reintentar mas tarde.
[INFO ] 2019-02-11 11:00:03.382 - Reintentando asignación de llamada #bWU126EPDl a empleado no ocupado...
[INFO ] 2019-02-11 11:00:04.384 - Reintentando asignación de llamada #bWU126EPDl a empleado no ocupado...
[INFO ] 2019-02-11 11:00:04.384 - Llamada #bWU126EPDl asignada al OPERADOR con id #ud0fmLLuV7
[INFO ] 2019-02-11 11:00:04.384 - Llamada #3FqpspRIdE asignada al OPERADOR con id #8sOfrhTYuY
[INFO ] 2019-02-11 11:00:04.385 - Llamada #aU5bKXpXg4 asignada al DIRECTOR con id #1nl07pyXF9
[INFO ] 2019-02-11 11:00:05.386 - Reintentando asignación de llamada #ZwNjLneGQH a empleado no ocupado...
[INFO ] 2019-02-11 11:00:06.389 - Reintentando asignación de llamada #ZwNjLneGQH a empleado no ocupado...
[INFO ] 2019-02-11 11:00:06.389 - Llamada #ZwNjLneGQH asignada al OPERADOR con id #9TAytxcTij
[INFO ] 2019-02-11 11:00:06.390 - Llamada #P35ZhQm9uI asignada al SUPERVISOR con id #Kls5tcKuv6
[INFO ] 2019-02-11 11:00:07.391 - Reintentando asignación de llamada #Wlbgk3HBaA a empleado no ocupado...
[INFO ] 2019-02-11 11:00:07.393 - Llamada #Wlbgk3HBaA asignada al OPERADOR con id #bNBuAVfX5x
[INFO ] 2019-02-11 11:00:08.394 - Reintentando asignación de llamada #Xy5kUoWC7O a empleado no ocupado...
[INFO ] 2019-02-11 11:00:08.395 - Llamada #Xy5kUoWC7O asignada al SUPERVISOR con id #TzCrGlxSce
[INFO ] 2019-02-11 11:00:08.396 - Llamada #PYWjevmA9d asignada al SUPERVISOR con id #YumLHR6fHb
[INFO ] 2019-02-11 11:00:08.398 - Llamada #hzBwwrSp0l asignada al DIRECTOR con id #ntfx8DzJun
[INFO ] 2019-02-11 11:00:09.404 - Reintentando asignación de llamada #cF8c7Vhms5 a empleado no ocupado...
[INFO ] 2019-02-11 11:00:09.406 - Llamada #cF8c7Vhms5 asignada al SUPERVISOR con id #ScYhWOfrzA
[INFO ] 2019-02-11 11:00:10.408 - Reintentando asignación de llamada #ZhPspgtWgv a empleado no ocupado...
[INFO ] 2019-02-11 11:00:10.409 - Llamada #ZhPspgtWgv asignada al DIRECTOR con id #1nl07pyXF9
[INFO ] 2019-02-11 11:00:11.410 - Reintentando asignación de llamada #bLFwtYP6ya a empleado no ocupado...
[INFO ] 2019-02-11 11:00:12.411 - Reintentando asignación de llamada #bLFwtYP6ya a empleado no ocupado...
[INFO ] 2019-02-11 11:00:13.412 - Reintentando asignación de llamada #bLFwtYP6ya a empleado no ocupado...
[INFO ] 2019-02-11 11:00:13.413 - Llamada #bLFwtYP6ya asignada al OPERADOR con id #8sOfrhTYuY
[INFO ] 2019-02-11 11:00:13.414 - Llamada #0CEv1k04Nw asignada al SUPERVISOR con id #Kls5tcKuv6
[INFO ] 2019-02-11 11:00:14.416 - Reintentando asignación de llamada #RBSxU6EwPL a empleado no ocupado...
[INFO ] 2019-02-11 11:00:14.417 - Llamada #RBSxU6EwPL asignada al DIRECTOR con id #ntfx8DzJun
[INFO ] 2019-02-11 11:00:15.418 - Reintentando asignación de llamada #hd8zvNpqaP a empleado no ocupado...
[INFO ] 2019-02-11 11:00:15.419 - Llamada #hd8zvNpqaP asignada al OPERADOR con id #ud0fmLLuV7
[INFO ] 2019-02-11 11:00:16.421 - Reintentando asignación de llamada #I6SJbN4kB5 a empleado no ocupado...
[INFO ] 2019-02-11 11:00:16.423 - Llamada #I6SJbN4kB5 asignada al OPERADOR con id #9TAytxcTij
[INFO ] 2019-02-11 11:00:16.423 - Llamada #13vspK2ST4 asignada al SUPERVISOR con id #TzCrGlxSce
[INFO ] 2019-02-11 11:00:17.425 - Reintentando asignación de llamada #I25E3SszAM a empleado no ocupado...
[INFO ] 2019-02-11 11:00:17.427 - Llamada #I25E3SszAM asignada al SUPERVISOR con id #ScYhWOfrzA
[INFO ] 2019-02-11 11:00:18.428 - Reintentando asignación de llamada #XCT7fcP6Ka a empleado no ocupado...
[INFO ] 2019-02-11 11:00:18.430 - Llamada #XCT7fcP6Ka asignada al OPERADOR con id #bNBuAVfX5x
[INFO ] 2019-02-11 11:00:18.431 - Llamada #LW4uZkI6wC asignada al SUPERVISOR con id #YumLHR6fHb
[INFO ] 2019-02-11 11:00:19.434 - Reintentando asignación de llamada #qWDEYAVUJk a empleado no ocupado...
[INFO ] 2019-02-11 11:00:20.436 - Reintentando asignación de llamada #qWDEYAVUJk a empleado no ocupado...
[INFO ] 2019-02-11 11:00:20.437 - Llamada #qWDEYAVUJk asignada al SUPERVISOR con id #Kls5tcKuv6
[INFO ] 2019-02-11 11:00:20.438 - Llamada #GmkvCFo8mR asignada al DIRECTOR con id #1nl07pyXF9
[INFO ] 2019-02-11 11:00:20.440 - Llamada #QMAk86nave asignada al DIRECTOR con id #ntfx8DzJun
[INFO ] 2019-02-11 11:00:21.442 - Reintentando asignación de llamada #3iggTsdmg3 a empleado no ocupado...
[INFO ] 2019-02-11 11:00:21.443 - Llamada #3iggTsdmg3 asignada al OPERADOR con id #8sOfrhTYuY
[INFO ] 2019-02-11 11:00:22.443 - Reintentando asignación de llamada #NmRioDyjhj a empleado no ocupado...
[INFO ] 2019-02-11 11:00:23.444 - Reintentando asignación de llamada #NmRioDyjhj a empleado no ocupado...
[INFO ] 2019-02-11 11:00:24.445 - Reintentando asignación de llamada #NmRioDyjhj a empleado no ocupado...
[INFO ] 2019-02-11 11:00:24.446 - Llamada #NmRioDyjhj asignada al OPERADOR con id #9TAytxcTij
[INFO ] 2019-02-11 11:00:25.446 - Reintentando asignación de llamada #fEmtXQZ9mT a empleado no ocupado...
[INFO ] 2019-02-11 11:00:25.448 - Llamada #fEmtXQZ9mT asignada al OPERADOR con id #ud0fmLLuV7
[INFO ] 2019-02-11 11:00:25.454 - Llamada #mFn3n71FI1 asignada al SUPERVISOR con id #ScYhWOfrzA
[INFO ] 2019-02-11 11:00:26.461 - Reintentando asignación de llamada #GjmLjurctI a empleado no ocupado...
[INFO ] 2019-02-11 11:00:27.463 - Reintentando asignación de llamada #GjmLjurctI a empleado no ocupado...
[INFO ] 2019-02-11 11:00:27.463 - Llamada #GjmLjurctI asignada al OPERADOR con id #bNBuAVfX5x
[INFO ] 2019-02-11 11:00:27.464 - Llamada #xyGd6PoaJx asignada al OPERADOR con id #8sOfrhTYuY
[INFO ] 2019-02-11 11:00:27.472 - Pruebas unitarias ejecutadas
[INFO ] 2019-02-11 11:24:41.075 - EJECUTANDO PRUEBAS UNITARIAS
[INFO ] 2019-02-11 11:24:41.157 - Llamada #UAJ7zr5eod asignada al OPERADOR con id #rmOW3V2uKp
[INFO ] 2019-02-11 11:24:41.158 - Llamada #kuljNUMZbW asignada al OPERADOR con id #bGYhTyAPyd
[INFO ] 2019-02-11 11:24:41.158 - Llamada #3Tm6zdhNsR asignada al OPERADOR con id #F5gvtVkqdc
[INFO ] 2019-02-11 11:24:41.160 - Llamada #1JrRPtgBu4 asignada al OPERADOR con id #tuf5GoxPNC
[INFO ] 2019-02-11 11:24:41.161 - Llamada #0QeGeUjshR asignada al SUPERVISOR con id #EZggmxPsUv
[INFO ] 2019-02-11 11:24:41.163 - Llamada #eTHDI2H0EL asignada al SUPERVISOR con id #tW4iaDQeSu
[INFO ] 2019-02-11 11:24:41.164 - Llamada #MncHE4PqvI asignada al SUPERVISOR con id #71FB7Fwryg
[INFO ] 2019-02-11 11:24:41.166 - Llamada #QE57jPtrlC asignada al SUPERVISOR con id #BukBJWyS4U
[INFO ] 2019-02-11 11:24:41.178 - Llamada #Jt2U3Bv40l asignada al DIRECTOR con id #4ReVtfEDHs
[INFO ] 2019-02-11 11:24:41.185 - Llamada #hfxVzimRn6 asignada al DIRECTOR con id #fxVyBhvAbt
[INFO ] 2019-02-11 11:24:42.194 - Reintentando asignación de llamada #tGNszTYrsS a empleado no ocupado...
[INFO ] 2019-02-11 11:24:43.200 - Reintentando asignación de llamada #tGNszTYrsS a empleado no ocupado...
[INFO ] 2019-02-11 11:24:44.200 - Reintentando asignación de llamada #tGNszTYrsS a empleado no ocupado...
[INFO ] 2019-02-11 11:24:45.201 - Reintentando asignación de llamada #tGNszTYrsS a empleado no ocupado...
[INFO ] 2019-02-11 11:24:45.201 - No se pudo asignar la llamada #tGNszTYrsS a un empleado. Reintentar mas tarde.
[INFO ] 2019-02-11 11:24:46.202 - Reintentando asignación de llamada #GhEeUuHEBE a empleado no ocupado...
[INFO ] 2019-02-11 11:24:47.205 - Reintentando asignación de llamada #GhEeUuHEBE a empleado no ocupado...
[INFO ] 2019-02-11 11:24:47.206 - Llamada #GhEeUuHEBE asignada al SUPERVISOR con id #EZggmxPsUv
[INFO ] 2019-02-11 11:24:47.206 - Llamada #izPGuJ4Rz5 asignada al SUPERVISOR con id #BukBJWyS4U
[INFO ] 2019-02-11 11:24:48.208 - Reintentando asignación de llamada #xvGIUhyEdP a empleado no ocupado...
[INFO ] 2019-02-11 11:24:48.210 - Llamada #xvGIUhyEdP asignada al DIRECTOR con id #fxVyBhvAbt
[INFO ] 2019-02-11 11:24:49.210 - Reintentando asignación de llamada #sTVWt2dApG a empleado no ocupado...
[INFO ] 2019-02-11 11:24:49.217 - Llamada #sTVWt2dApG asignada al DIRECTOR con id #4ReVtfEDHs
[INFO ] 2019-02-11 11:24:50.223 - Reintentando asignación de llamada #q7uJB6SRAp a empleado no ocupado...
[INFO ] 2019-02-11 11:24:50.224 - Llamada #q7uJB6SRAp asignada al OPERADOR con id #F5gvtVkqdc
[INFO ] 2019-02-11 11:24:51.224 - Reintentando asignación de llamada #LABZiGuhs7 a empleado no ocupado...
[INFO ] 2019-02-11 11:24:51.226 - Llamada #LABZiGuhs7 asignada al OPERADOR con id #rmOW3V2uKp
[INFO ] 2019-02-11 11:24:51.226 - Llamada #YZckaBClbW asignada al SUPERVISOR con id #tW4iaDQeSu
[INFO ] 2019-02-11 11:24:52.229 - Reintentando asignación de llamada #wA7oPLENiT a empleado no ocupado...
[INFO ] 2019-02-11 11:24:52.232 - Llamada #wA7oPLENiT asignada al OPERADOR con id #bGYhTyAPyd
[INFO ] 2019-02-11 11:24:52.232 - Llamada #3lHExbcH7w asignada al OPERADOR con id #tuf5GoxPNC
[INFO ] 2019-02-11 11:24:52.233 - Llamada #gXGoH08ut2 asignada al SUPERVISOR con id #71FB7Fwryg
[INFO ] 2019-02-11 11:24:53.234 - Reintentando asignación de llamada #pfkXFQfxK1 a empleado no ocupado...
[INFO ] 2019-02-11 11:24:54.265 - Reintentando asignación de llamada #pfkXFQfxK1 a empleado no ocupado...
[INFO ] 2019-02-11 11:24:54.266 - Llamada #pfkXFQfxK1 asignada al DIRECTOR con id #fxVyBhvAbt
[INFO ] 2019-02-11 11:24:55.268 - Reintentando asignación de llamada #zmSlp7QOmD a empleado no ocupado...
[INFO ] 2019-02-11 11:24:56.270 - Reintentando asignación de llamada #zmSlp7QOmD a empleado no ocupado...
[INFO ] 2019-02-11 11:24:56.270 - Llamada #zmSlp7QOmD asignada al SUPERVISOR con id #BukBJWyS4U
[INFO ] 2019-02-11 11:24:57.270 - Reintentando asignación de llamada #pGuuZoFKbN a empleado no ocupado...
[INFO ] 2019-02-11 11:24:57.272 - Llamada #pGuuZoFKbN asignada al OPERADOR con id #F5gvtVkqdc
[INFO ] 2019-02-11 11:24:57.273 - Llamada #kYKctGxxg0 asignada al SUPERVISOR con id #EZggmxPsUv
[INFO ] 2019-02-11 11:24:58.275 - Reintentando asignación de llamada #GV9gmSFlF1 a empleado no ocupado...
[INFO ] 2019-02-11 11:24:58.275 - Llamada #GV9gmSFlF1 asignada al OPERADOR con id #tuf5GoxPNC
[INFO ] 2019-02-11 11:24:58.276 - Llamada #kcPn4AjxRT asignada al SUPERVISOR con id #tW4iaDQeSu
[INFO ] 2019-02-11 11:24:58.276 - Llamada #FUqGLc9kCd asignada al DIRECTOR con id #4ReVtfEDHs
[INFO ] 2019-02-11 11:24:59.277 - Reintentando asignación de llamada #PT0Qiqm3NN a empleado no ocupado...
[INFO ] 2019-02-11 11:24:59.279 - Llamada #PT0Qiqm3NN asignada al OPERADOR con id #bGYhTyAPyd
[INFO ] 2019-02-11 11:24:59.280 - Llamada #6moRTNkp3T asignada al SUPERVISOR con id #71FB7Fwryg
[INFO ] 2019-02-11 11:25:00.283 - Reintentando asignación de llamada #Wl2YkSpSg0 a empleado no ocupado...
[INFO ] 2019-02-11 11:25:00.284 - Llamada #Wl2YkSpSg0 asignada al DIRECTOR con id #fxVyBhvAbt
[INFO ] 2019-02-11 11:25:01.284 - Reintentando asignación de llamada #L1LXTjI2xQ a empleado no ocupado...
[INFO ] 2019-02-11 11:25:01.285 - Llamada #L1LXTjI2xQ asignada al OPERADOR con id #rmOW3V2uKp
[INFO ] 2019-02-11 11:25:02.286 - Reintentando asignación de llamada #CI3ZkHldq7 a empleado no ocupado...
[INFO ] 2019-02-11 11:25:03.288 - Reintentando asignación de llamada #CI3ZkHldq7 a empleado no ocupado...
[INFO ] 2019-02-11 11:25:04.288 - Reintentando asignación de llamada #CI3ZkHldq7 a empleado no ocupado...
[INFO ] 2019-02-11 11:25:05.289 - Reintentando asignación de llamada #CI3ZkHldq7 a empleado no ocupado...
[INFO ] 2019-02-11 11:25:05.289 - No se pudo asignar la llamada #CI3ZkHldq7 a un empleado. Reintentar mas tarde.
[INFO ] 2019-02-11 11:25:06.290 - Reintentando asignación de llamada #1I2IZzGALl a empleado no ocupado...
[INFO ] 2019-02-11 11:25:06.291 - Llamada #1I2IZzGALl asignada al OPERADOR con id #F5gvtVkqdc
[INFO ] 2019-02-11 11:25:06.291 - Llamada #GotXf4MoaZ asignada al SUPERVISOR con id #EZggmxPsUv
[INFO ] 2019-02-11 11:25:06.292 - Llamada #soFhzyarzn asignada al SUPERVISOR con id #71FB7Fwryg
[INFO ] 2019-02-11 11:25:07.313 - Reintentando asignación de llamada #riIPCFiJZn a empleado no ocupado...
[INFO ] 2019-02-11 11:25:07.315 - Llamada #riIPCFiJZn asignada al SUPERVISOR con id #BukBJWyS4U
[INFO ] 2019-02-11 11:25:08.317 - Reintentando asignación de llamada #Ujoa2lYTGW a empleado no ocupado...
[INFO ] 2019-02-11 11:25:08.317 - Llamada #Ujoa2lYTGW asignada al OPERADOR con id #tuf5GoxPNC
[INFO ] 2019-02-11 11:25:08.318 - Llamada #VrSY3dW2sw asignada al SUPERVISOR con id #tW4iaDQeSu
[INFO ] 2019-02-11 11:25:08.318 - Llamada #DOXSjHO5Fi asignada al DIRECTOR con id #4ReVtfEDHs
[INFO ] 2019-02-11 11:25:08.325 - FINALIZANDO PRUEBAS UNITARIAS
[INFO ] 2019-02-11 11:27:20.209 - ---
[INFO ] 2019-02-11 11:27:20.212 - ---
[INFO ] 2019-02-11 11:27:20.213 - EJECUTANDO PRUEBAS UNITARIAS
[INFO ] 2019-02-11 11:27:20.349 - Llamada #EJEm6o8F3N asignada al OPERADOR con id #roIiz944u4
[INFO ] 2019-02-11 11:27:20.350 - Llamada #wKJKSYhZqw asignada al OPERADOR con id #EMUxW0KPhZ
[INFO ] 2019-02-11 11:27:20.352 - Llamada #q2alXBr1q7 asignada al OPERADOR con id #rPRDGf49Gz
[INFO ] 2019-02-11 11:27:20.352 - Llamada #wMtwoBscm7 asignada al OPERADOR con id #EOPH7elH5l
[INFO ] 2019-02-11 11:27:20.353 - Llamada #bIqcRY7W2C asignada al SUPERVISOR con id #OvfgR56Brt
[INFO ] 2019-02-11 11:27:20.356 - Llamada #O2PF85HjEk asignada al SUPERVISOR con id #ZEypHEiyqf
[INFO ] 2019-02-11 11:27:20.360 - Llamada #tCmFcR75z2 asignada al SUPERVISOR con id #ocafDwozyZ
[INFO ] 2019-02-11 11:27:20.364 - Llamada #G1NXPMZVGm asignada al SUPERVISOR con id #73C8ycJHpu
[INFO ] 2019-02-11 11:27:20.367 - Llamada #SaifvJpNRS asignada al DIRECTOR con id #Gj2ewLBO7E
[INFO ] 2019-02-11 11:27:20.369 - Llamada #xLr6Zc5NFe asignada al DIRECTOR con id #kgVfXfgyfh
[INFO ] 2019-02-11 11:27:21.383 - Reintentando asignación de llamada #lQvYeAczmb a empleado no ocupado...
[INFO ] 2019-02-11 11:27:22.385 - Reintentando asignación de llamada #lQvYeAczmb a empleado no ocupado...
[INFO ] 2019-02-11 11:27:23.385 - Reintentando asignación de llamada #lQvYeAczmb a empleado no ocupado...
[INFO ] 2019-02-11 11:27:24.386 - Reintentando asignación de llamada #lQvYeAczmb a empleado no ocupado...
[INFO ] 2019-02-11 11:27:24.386 - No se pudo asignar la llamada #lQvYeAczmb a un empleado. Reintentar mas tarde.
[INFO ] 2019-02-11 11:27:25.387 - Reintentando asignación de llamada #AsinGNY0zZ a empleado no ocupado...
[INFO ] 2019-02-11 11:27:26.388 - Reintentando asignación de llamada #AsinGNY0zZ a empleado no ocupado...
[INFO ] 2019-02-11 11:27:26.389 - Llamada #AsinGNY0zZ asignada al SUPERVISOR con id #73C8ycJHpu
[INFO ] 2019-02-11 11:27:27.397 - Reintentando asignación de llamada #zuJDBusLmU a empleado no ocupado...
[INFO ] 2019-02-11 11:27:27.400 - Llamada #zuJDBusLmU asignada al SUPERVISOR con id #ZEypHEiyqf
[INFO ] 2019-02-11 11:27:28.401 - Reintentando asignación de llamada #FnPGRr6wZS a empleado no ocupado...
[INFO ] 2019-02-11 11:27:28.402 - Llamada #FnPGRr6wZS asignada al SUPERVISOR con id #OvfgR56Brt
[INFO ] 2019-02-11 11:27:29.403 - Reintentando asignación de llamada #WEYj0KeeA2 a empleado no ocupado...
[INFO ] 2019-02-11 11:27:29.404 - Llamada #WEYj0KeeA2 asignada al OPERADOR con id #roIiz944u4
[INFO ] 2019-02-11 11:27:29.406 - Llamada #tbIK24A6kk asignada al OPERADOR con id #EMUxW0KPhZ
[INFO ] 2019-02-11 11:27:29.409 - Llamada #nG4lPtUWuR asignada al OPERADOR con id #EOPH7elH5l
[INFO ] 2019-02-11 11:27:29.420 - Llamada #VkFOAX1Vs2 asignada al SUPERVISOR con id #ocafDwozyZ
[INFO ] 2019-02-11 11:27:30.423 - Reintentando asignación de llamada #nysRX9yCMM a empleado no ocupado...
[INFO ] 2019-02-11 11:27:30.427 - Llamada #nysRX9yCMM asignada al OPERADOR con id #rPRDGf49Gz
[INFO ] 2019-02-11 11:27:31.428 - Reintentando asignación de llamada #1D35NUiYGh a empleado no ocupado...
[INFO ] 2019-02-11 11:27:31.430 - Llamada #1D35NUiYGh asignada al DIRECTOR con id #Gj2ewLBO7E
[INFO ] 2019-02-11 11:27:31.430 - Llamada #ny9O5tqy5k asignada al DIRECTOR con id #kgVfXfgyfh
[INFO ] 2019-02-11 11:27:32.432 - Reintentando asignación de llamada #TyEFGmPiB2 a empleado no ocupado...
[INFO ] 2019-02-11 11:27:33.432 - Reintentando asignación de llamada #TyEFGmPiB2 a empleado no ocupado...
[INFO ] 2019-02-11 11:27:34.433 - Reintentando asignación de llamada #TyEFGmPiB2 a empleado no ocupado...
[INFO ] 2019-02-11 11:27:35.434 - Reintentando asignación de llamada #TyEFGmPiB2 a empleado no ocupado...
[INFO ] 2019-02-11 11:27:35.435 - No se pudo asignar la llamada #TyEFGmPiB2 a un empleado. Reintentar mas tarde.
[INFO ] 2019-02-11 11:27:36.437 - Reintentando asignación de llamada #Y0IwFiY1Wu a empleado no ocupado...
[INFO ] 2019-02-11 11:27:36.438 - Llamada #Y0IwFiY1Wu asignada al OPERADOR con id #roIiz944u4
[INFO ] 2019-02-11 11:27:36.441 - Llamada #njZSjoTxQo asignada al OPERADOR con id #rPRDGf49Gz
[INFO ] 2019-02-11 11:27:36.443 - Llamada #SgW00V4tOt asignada al OPERADOR con id #EOPH7elH5l
[INFO ] 2019-02-11 11:27:36.444 - Llamada #JD1KX7ANGh asignada al SUPERVISOR con id #OvfgR56Brt
[INFO ] 2019-02-11 11:27:37.447 - Reintentando asignación de llamada #0GWrh7MHBA a empleado no ocupado...
[INFO ] 2019-02-11 11:27:37.447 - Llamada #0GWrh7MHBA asignada al OPERADOR con id #EMUxW0KPhZ
[INFO ] 2019-02-11 11:27:37.447 - Llamada #nVRTnC7s8d asignada al SUPERVISOR con id #73C8ycJHpu
[INFO ] 2019-02-11 11:27:38.448 - Reintentando asignación de llamada #qM740oQtsq a empleado no ocupado...
[INFO ] 2019-02-11 11:27:38.449 - Llamada #qM740oQtsq asignada al SUPERVISOR con id #ZEypHEiyqf
[INFO ] 2019-02-11 11:27:38.449 - Llamada #DiRC64HyR8 asignada al SUPERVISOR con id #ocafDwozyZ
[INFO ] 2019-02-11 11:27:39.449 - Reintentando asignación de llamada #rdWOttGpQj a empleado no ocupado...
[INFO ] 2019-02-11 11:27:40.451 - Reintentando asignación de llamada #rdWOttGpQj a empleado no ocupado...
[INFO ] 2019-02-11 11:27:40.452 - Llamada #rdWOttGpQj asignada al DIRECTOR con id #Gj2ewLBO7E
[INFO ] 2019-02-11 11:27:41.453 - Reintentando asignación de llamada #2eJQeRSQFB a empleado no ocupado...
[INFO ] 2019-02-11 11:27:42.456 - Reintentando asignación de llamada #2eJQeRSQFB a empleado no ocupado...
[INFO ] 2019-02-11 11:27:42.458 - Llamada #2eJQeRSQFB asignada al DIRECTOR con id #kgVfXfgyfh
[INFO ] 2019-02-11 11:27:43.459 - Reintentando asignación de llamada #6CYcAUoKdw a empleado no ocupado...
[INFO ] 2019-02-11 11:27:43.461 - Llamada #6CYcAUoKdw asignada al SUPERVISOR con id #73C8ycJHpu
[INFO ] 2019-02-11 11:27:44.463 - Reintentando asignación de llamada #iOvUf1HQpI a empleado no ocupado...
[INFO ] 2019-02-11 11:27:44.465 - Llamada #iOvUf1HQpI asignada al OPERADOR con id #roIiz944u4
[INFO ] 2019-02-11 11:27:44.465 - Llamada #kavHlXdNel asignada al OPERADOR con id #EMUxW0KPhZ
[INFO ] 2019-02-11 11:27:44.466 - Llamada #BakDv76VKN asignada al SUPERVISOR con id #OvfgR56Brt
[INFO ] 2019-02-11 11:27:45.474 - Reintentando asignación de llamada #gAdEDSUmAm a empleado no ocupado...
[INFO ] 2019-02-11 11:27:46.476 - Reintentando asignación de llamada #gAdEDSUmAm a empleado no ocupado...
[INFO ] 2019-02-11 11:27:46.476 - Llamada #gAdEDSUmAm asignada al OPERADOR con id #rPRDGf49Gz
[INFO ] 2019-02-11 11:27:47.477 - Reintentando asignación de llamada #lqZrMvbJYi a empleado no ocupado...
[INFO ] 2019-02-11 11:27:47.477 - Llamada #lqZrMvbJYi asignada al OPERADOR con id #EOPH7elH5l
[INFO ] 2019-02-11 11:27:47.477 - Llamada #qmKooFBMLJ asignada al SUPERVISOR con id #ocafDwozyZ
[INFO ] 2019-02-11 11:27:47.478 - Llamada #kcR83T7RzW asignada al DIRECTOR con id #Gj2ewLBO7E
[INFO ] 2019-02-11 11:27:47.480 - ---
[INFO ] 2019-02-11 11:27:47.481 - ---
[INFO ] 2019-02-11 11:27:47.481 - FINALIZANDO PRUEBAS UNITARIAS
